T-RustOs Kernel v0.1.0
Limine protocol supported
Framebuffer: 1280x800 @ 0xffff8000fd000000
╔══════════════════════════════════════════════════════════════╗
║                      T R U S T - O S                         ║
║                 FAST • SECURE • RELIABLE                     ║
╚══════════════════════════════════════════════════════════════╝

Initializing memory management...
HHDM offset: 0xffff800000000000
Memory map entries: 20
  0x0000001000 - 0x0000053000 (      335872 bytes) BOOTLOADER
  0x0000053000 - 0x000009f000 (      311296 bytes) USABLE
  0x000009fc00 - 0x00000a0000 (        1024 bytes) RESERVED
  0x00000f0000 - 0x0000100000 (       65536 bytes) RESERVED
  0x0000100000 - 0x000edf0000 (   248446976 bytes) USABLE
  0x000edf0000 - 0x000ef01000 (     1118208 bytes) KERNEL
  0x000ef01000 - 0x000ef02000 (        4096 bytes) BOOTLOADER
  0x000ef02000 - 0x000ef03000 (        4096 bytes) USABLE
  0x000ef03000 - 0x000ef04000 (        4096 bytes) BOOTLOADER
  0x000ef04000 - 0x000ef05000 (        4096 bytes) USABLE
  0x000ef05000 - 0x000fd54000 (    15003648 bytes) KERNEL
  0x000fd54000 - 0x000fd62000 (       57344 bytes) BOOTLOADER
  0x000fd62000 - 0x000fe44000 (      925696 bytes) KERNEL
  0x000fe44000 - 0x000ff5b000 (     1142784 bytes) BOOTLOADER
  0x000ff5b000 - 0x000ff73000 (       98304 bytes) USABLE
  0x000ff73000 - 0x000ffe0000 (      446464 bytes) BOOTLOADER
  0x000ffe0000 - 0x0010000000 (      131072 bytes) RESERVED
  0x00fd000000 - 0x00fd3e8000 (     4096000 bytes) FRAMEBUFFER
  0x00fffc0000 - 0x0100000000 (      262144 bytes) RESERVED
  0xfd00000000 - 0x10000000000 ( 12884901888 bytes) RESERVED
[HEAP] Using mmap region at phys 0x100000
[         0][CPU0][INFO ] Heap initialized: 16384 KB at virt 0xffff800000100000 (phys 0x100000)
[OK] Memory management initialized
Initializing GDT with Ring 0/3 support...
[         0][CPU0][DEBUG] GDT initialized with Ring 0/3 support
[OK] GDT initialized (Ring 0/3)
Initializing paging subsystem...
[         0][CPU0][DEBUG] Paging initialized, kernel CR3: 0xff8e000
[OK] Paging initialized (NX enabled)
Initializing userland support...
[         0][CPU0][DEBUG] [USERLAND] Syscall stack at 0xffffffff800c7cf8
[         0][CPU0][INFO ] [USERLAND] SYSCALL/SYSRET configured (STAR, LSTAR, SFMASK)
[OK] Userland support ready
Initializing thread subsystem...
[         0][CPU0][INFO ] [THREAD] Thread subsystem initialized
[OK] Thread subsystem ready
Initializing security subsystem...
[OK] Security (basic)
Initializing interrupts...
[         0][CPU0][INFO ] SYSCALL handler initialized (kernel mode only)
[         0][CPU0][DEBUG] IDT loaded, PIC initialized, SYSCALL ready, interrupts enabled
[OK] Interrupts enabled
Keyboard driver ready
[OK] Keyboard ready
[--] RTC disabled
[MOUSE] PS/2 mouse initialized (ID=250)
[OK] Mouse initialized
[PHASE] PCI init start
[..] PCI bus scanning...
[         0][CPU0][INFO ] [PCI] Found 6 devices:
[         0][CPU0][INFO ] [PCI]   00:00.0 8086:1237 Bridge - Host Bridge (Intel)
[         0][CPU0][INFO ] [PCI]   00:01.0 8086:7000 Bridge - ISA Bridge (Intel)
[         0][CPU0][INFO ] [PCI]   00:01.1 8086:7010 Mass Storage - IDE Controller (Intel)
[         0][CPU0][INFO ] [PCI]   00:01.3 8086:7113 Bridge (Intel)
[         0][CPU0][INFO ] [PCI]   00:02.0 1234:1111 Display Controller - VGA Compatible (QEMU)
[         0][CPU0][INFO ] [PCI]   00:03.0 8086:100E Network Controller - Ethernet (Intel)
[OK] PCI bus scanned
[PHASE] PCI init done
[PHASE] Task scheduler init start
[TASK] Cooperative scheduler initialized
[         0][CPU0][INFO ] Scheduler ready
[OK] Task scheduler ready
[PHASE] Task scheduler init done
[PHASE] Disk init start
[..] Disk subsystem...
[         0][CPU0][INFO ] [DISK] RAMDisk initialized: 0 MB (256 sectors)
[         0][CPU0][INFO ] [DISK] Filesystem initialized (TRUSTFS v1)
[OK] Disk driver ready
[PHASE] Disk init done
[PHASE] Driver framework init start
[         0][CPU0][INFO ] [DRIVERS] Initializing driver framework...
[         0][CPU0][DEBUG] [DRIVERS] Registered: virtio-net v1.0.0
[         0][CPU0][DEBUG] [DRIVERS] Registered: e1000 v1.0.0
[         0][CPU0][DEBUG] [DRIVERS] Registered: rtl8139 v0.1.0
[INPUT] Keyboard: Some(PS2Keyboard), Mouse: Some(PS2Mouse)
[         0][CPU0][INFO ] [DRIVERS] 3 drivers registered
[DRIVERS] Probing storage controllers...
[IDE] Probing IDE channels...
[IDE] Secondary Master: QEMUDVD-ROM (0 sectors)
[IDE] Found 1 drives
[DRIVERS] IDE controller initialized
[DRIVERS] Storage: IDE with 1 drives
[OK] Driver framework initialized
[OK] Persistent storage detected
[PHASE] Driver framework init done
[PHASE] Network init start
[..] Network subsystem...
[         0][CPU0][INFO ] [NET] Found: 8086:100E e1000 [Intel] BAR0=0xFEBC0000 IRQ=11
[         0][CPU0][DEBUG] [PCI] Bus mastering enabled for 00:03.0
[         0][CPU0][INFO ] [NET] Interface up: MAC=52:54:00:00:00:00
[         0][CPU0][INFO ] [E1000] Probing 8086:100E
[E1000] BAR0=0xfebc0000, calling map_mmio...
[MMIO] Mapping 0xfebc0000 -> 0xffff8000febc0000 (32 pages)
[MMIO] Creating PT for PD[501]
[E1000] map_mmio returned 0xffff8000febc0000
[         0][CPU0][DEBUG] [E1000] MMIO: phys=0xfebc0000 virt=0xffff8000febc0000
[         0][CPU0][DEBUG] [E1000] Resetting device...
[         0][CPU0][DEBUG] [E1000] Reset complete
[         0][CPU0][DEBUG] [E1000] Initializing RX ring (32 descriptors)
[         0][CPU0][DEBUG] [E1000] Initializing TX ring (8 descriptors)
[         0][CPU0][INFO ] [E1000] Link up at 1000 Mbps
[         0][CPU0][INFO ] [E1000] MAC: 52:54:00:12:34:56
[         0][CPU0][INFO ] [NET] MAC updated: 52:54:00:12:34:56
[OK] Network driver: e1000
[OK] Network ready
[         0][CPU0][INFO ] [DHCP] Client started
[DHCP] Sending DISCOVER
[PHASE] Network init done
[PHASE] VFS init start
[         0][CPU0][INFO ] [VFS] Initializing Virtual File System...
[         0][CPU0][DEBUG] [VFS] Mounted devfs at /dev
[         0][CPU0][DEBUG] [VFS] Mounted procfs at /proc
[         0][CPU0][DEBUG] [VFS] No block device, root will be ramfs
[         0][CPU0][DEBUG] [VFS] Looking for FAT32 partitions...
[         0][CPU0][DEBUG] [FAT32] Checking 0 AHCI devices
[         0][CPU0][DEBUG] [VFS] No FAT32 partition found
[         0][CPU0][INFO ] [OK] VFS initialized
[OK] Virtual filesystem ready
[PHASE] VFS init done
[PHASE] Linux Subsystem init start
[TSL] Found 2 boot modules
[TSL] Module:  (/boot/linux/bzImage), 15001992 bytes at 0xffff80000ef05000
[TSL] Linux kernel loaded: 15001992 bytes
[TSL] Module:  (/boot/linux/initramfs.cpio.gz), 1114205 bytes at 0xffff80000edf0000
[TSL] Initramfs loaded: 1114205 bytes
[TSL] Linux kernel: 15001992 bytes, boot protocol v2.15
[TSL] Initramfs: 1114205 bytes
[TSL] Total Linux guest size: 15738 KB
[OK] Linux Subsystem (TSL) ready
[PHASE] Linux Subsystem init done
[FILE_ASSOC] File associations initialized
[OK] File associations ready
[PHASE] Process manager init start
[         0][CPU0][INFO ] [PROC] Initializing process manager...
[         0][CPU0][DEBUG] [PROC] Kernel process created (PID 0)
[         0][CPU0][INFO ] [OK] Process manager ready
[OK] Process manager ready
[PHASE] Process manager init done
[PHASE] Auth system init
[         0][CPU0][DEBUG] [AUTH] Authentication system initialized
[OK] Authentication ready
[PHASE] Init process start
[         0][CPU0][INFO ] [INIT] Starting init process (PID 1)...
[         0][CPU0][INFO ] [INIT] Init process ready
[         0][CPU0][INFO ] [OK] System initialization complete

========================================
  TrustOS System Ready
========================================

Mounted filesystems:
  /proc -> proc
  /dev -> devfs

Processes: 1
Heap used: 266 KB

[OK] Init process started (PID 1)
[PHASE] Init process done


  System ready - TRust-OS v0.1.0
  Type 'gui' to launch desktop, or use shell commands.

Starting shell...

 _____ ____            _    ___      
|_   _|  _ \ _   _ ___| |_ / _ \ ___ 
  | | | |_) | | | / __| __| | | / __|
  | | |  _ <| |_| \__ \ |_| |_| \__ \
  |_| |_| \_\\__,_|___/\__\\___/|___/

  T-RustOs v0.1.0 - Type 'help' for commands

trustos:/$ 