T-RustOs Kernel v0.1.0
Limine protocol supported
Framebuffer: 1280x800 @ 0xffff8000fd000000
====================================
  T-RUSTOS
  Kernel v0.1.0
====================================

Initializing memory management...
HHDM offset: 0xffff800000000000
Memory map entries: 16
  0x0000001000 - 0x0000053000 (      335872 bytes) BOOTLOADER
  0x0000053000 - 0x000009f000 (      311296 bytes) USABLE
  0x000009fc00 - 0x00000a0000 (        1024 bytes) RESERVED
  0x00000f0000 - 0x0000100000 (       65536 bytes) RESERVED
  0x0000100000 - 0x000fd75000 (   264720384 bytes) USABLE
  0x000fd75000 - 0x000fd78000 (       12288 bytes) BOOTLOADER
  0x000fd78000 - 0x000fe2f000 (      749568 bytes) KERNEL
  0x000fe2f000 - 0x000ff11000 (      925696 bytes) BOOTLOADER
  0x000ff11000 - 0x000ff12000 (        4096 bytes) USABLE
  0x000ff12000 - 0x000ff14000 (        8192 bytes) BOOTLOADER
  0x000ff14000 - 0x000ff2e000 (      106496 bytes) USABLE
  0x000ff2e000 - 0x000ffdf000 (      724992 bytes) BOOTLOADER
  0x000ffdf000 - 0x0010000000 (      135168 bytes) RESERVED
  0x00fd000000 - 0x00fd3e8000 (     4096000 bytes) FRAMEBUFFER
  0x00fffc0000 - 0x0100000000 (      262144 bytes) RESERVED
  0xfd00000000 - 0x10000000000 ( 12884901888 bytes) RESERVED
[HEAP] Using mmap region at phys 0x100000
[         0][CPU0][INFO ] Heap initialized: 16384 KB at virt 0xffff800000100000 (phys 0x100000)
[OK] Memory initialized
Initializing GDT with Ring 0/3 support...
[         0][CPU0][DEBUG] GDT initialized with Ring 0/3 support
[OK] GDT initialized (Ring 0/3)
Initializing paging subsystem...
[         0][CPU0][DEBUG] Paging initialized, kernel CR3: 0xff47000
[OK] Paging initialized (NX enabled)
Initializing userland support...
[         0][CPU0][DEBUG] [USERLAND] Syscall stack at 0xffffffff8009d952
[         0][CPU0][INFO ] [USERLAND] SYSCALL/SYSRET configured (STAR, LSTAR, SFMASK)
[OK] Userland support ready
Initializing thread subsystem...
[         0][CPU0][INFO ] [THREAD] Thread subsystem initialized
[OK] Thread subsystem ready
Initializing security subsystem...
[OK] Security (basic)
Initializing interrupts...
[         0][CPU0][INFO ] SYSCALL handler initialized (kernel mode only)
[         0][CPU0][DEBUG] IDT loaded, PIC initialized, SYSCALL ready, interrupts enabled
[OK] Interrupts enabled
Keyboard driver ready
[OK] Keyboard ready
[--] RTC disabled
[MOUSE] PS/2 mouse initialized (ID=250)
[OK] Mouse initialized
[PHASE] PCI init start
[..] PCI init start
[         0][CPU0][INFO ] [PCI] Found 7 devices:
[         0][CPU0][INFO ] [PCI]   00:00.0 8086:1237 Bridge - Host Bridge (Intel)
[         0][CPU0][INFO ] [PCI]   00:01.0 8086:7000 Bridge - ISA Bridge (Intel)
[         0][CPU0][INFO ] [PCI]   00:01.1 8086:7010 Mass Storage - IDE Controller (Intel)
[         0][CPU0][INFO ] [PCI]   00:01.3 8086:7113 Bridge (Intel)
[         0][CPU0][INFO ] [PCI]   00:02.0 1234:1111 Display Controller - VGA Compatible (QEMU)
[         0][CPU0][INFO ] [PCI]   00:03.0 8086:100E Network Controller - Ethernet (Intel)
[         0][CPU0][INFO ] [PCI]   00:04.0 8086:2922 Mass Storage - SATA Controller (Intel)
[OK] PCI bus scanned
[PHASE] PCI init done
[..] PCI init done
[PHASE] Task scheduler init start
[..] Task scheduler init start
[TASK] Cooperative scheduler initialized
[         0][CPU0][INFO ] Scheduler ready
[OK] Task scheduler ready
[PHASE] Task scheduler init done
[..] Task scheduler init done
[PHASE] Disk init start
[..] Disk init start
[         0][CPU0][INFO ] [DISK] RAMDisk initialized: 0 MB (256 sectors)
[         0][CPU0][INFO ] [DISK] Filesystem initialized (TRUSTFS v1)
[OK] Disk driver ready
[PHASE] Disk init done
[..] Disk init done
[PHASE] Driver framework init start
[..] Driver framework init start
[         0][CPU0][INFO ] [DRIVERS] Initializing driver framework...
[         0][CPU0][DEBUG] [DRIVERS] Registered: virtio-net v1.0.0
[         0][CPU0][DEBUG] [DRIVERS] Registered: e1000 v0.1.0
[         0][CPU0][DEBUG] [DRIVERS] Registered: rtl8139 v0.1.0
[INPUT] Keyboard: Some(PS2Keyboard), Mouse: Some(PS2Mouse)
[         0][CPU0][INFO ] [DRIVERS] 3 drivers registered
[DRIVERS] Probing storage controllers...
[IDE] Probing IDE channels...
[IDE] Secondary Master: QEMUDVD-ROM (0 sectors)
[IDE] Found 1 drives
[DRIVERS] IDE controller initialized
[AHCI] Controller detected at 00:04.0 (BAR5=0xfebf1000)
[AHCI] Mapping MMIO at phys=0xfebf1000 size=0x2000
[MMIO] Mapping 0xfebf1000 -> 0xffff8000febf1000 (2 pages)
[MMIO] Creating PT for PD[501]
[AHCI] Initializing at ABAR phys=0xfebf1000 virt=0xffff8000febf1000
[AHCI] Version 1.0
[AHCI] 6 ports implemented, 32 command slots
[AHCI] Port 0: Sata device detected
[AHCI] Initialization complete
[DRIVERS] AHCI controller initialized
[DRIVERS] Storage: AHCI with 1 ports
[OK] Driver framework initialized
[OK] Persistent storage detected
[PHASE] Driver framework init done
[..] Driver framework init done
[PHASE] Network init start
[..] Network init start
[         0][CPU0][INFO ] [NET] Found: 8086:100E e1000 [Intel] BAR0=0xFEBC0000 IRQ=11
[         0][CPU0][DEBUG] [PCI] Bus mastering enabled for 00:03.0
[         0][CPU0][INFO ] [NET] Interface up: MAC=52:54:00:00:00:00
[         0][CPU0][INFO ] [e1000] Driver probe - not yet implemented
[         0][CPU0][DEBUG] [DRIVERS] e1000 probe failed: E1000 driver not implemented yet
[OK] Network ready
[         0][CPU0][INFO ] [DHCP] Client started (TODO: implement)
[PHASE] Network init done
[..] Network init done
[PHASE] VFS init start
[..] VFS init start
[         0][CPU0][INFO ] [VFS] Initializing Virtual File System...
[         0][CPU0][DEBUG] [VFS] Mounted devfs at /dev
[         0][CPU0][DEBUG] [VFS] Mounted procfs at /proc
[         0][CPU0][DEBUG] [VFS] No block device, root will be ramfs
[         0][CPU0][DEBUG] [VFS] Looking for FAT32 partitions...
[         0][CPU0][DEBUG] [FAT32] Checking 1 AHCI devices
[         0][CPU0][DEBUG] [FAT32] Port 0: 0 sectors
[         0][CPU0][INFO ] [FAT32] Mounted: 512 bytes/sector, 1 sectors/cluster, root cluster 2
[         0][CPU0][INFO ] [FAT32] Mounted superfloppy FAT32 from port 0
[         0][CPU0][INFO ] [VFS] Mounted FAT32 at /mnt/fat32
[         0][CPU0][INFO ] [OK] VFS initialized
[PHASE] VFS init done
[..] VFS init done
[FILE_ASSOC] File associations initialized
[OK] File associations ready
[PHASE] Process manager init start
[..] Process manager init start
[         0][CPU0][INFO ] [PROC] Initializing process manager...
[         0][CPU0][DEBUG] [PROC] Kernel process created (PID 0)
[         0][CPU0][INFO ] [OK] Process manager ready
[PHASE] Process manager init done
[..] Process manager init done
[PHASE] Auth system init
[         0][CPU0][DEBUG] [AUTH] Authentication system initialized
[OK] Authentication ready (root:toor, guest:guest)
[PHASE] Init process start
[..] Init process start
[         0][CPU0][INFO ] [INIT] Starting init process (PID 1)...
[         0][CPU0][INFO ] [INIT] Init process ready
[         0][CPU0][INFO ] [OK] System initialization complete

========================================
  TrustOS System Ready
========================================

Mounted filesystems:
  /mnt/fat32 -> fat32
  /proc -> proc
  /dev -> devfs

Processes: 1
Heap used: 191 KB

[PHASE] Init process done
[..] Init process done
[OK] Kernel initialized

System ready.
Type 'gui' to launch desktop, or use shell commands.

Starting shell...

 _____ ____            _    ___      
|_   _|  _ \ _   _ ___| |_ / _ \ ___ 
  | | | |_) | | | / __| __| | | / __|
  | | |  _ <| |_| \__ \ |_| |_| \__ \
  |_| |_| \_\\__,_|___/\__\\___/|___/

  T-RustOs v0.1.0 - Type 'help' for commands

trustos:/$ 