=== CONFIG: workstation ===
Desc: Workstation: 2GB RAM, 4 CPUs, full AVX2, all devices
Date: 03/05/2026 18:49:06

--- BOOT ---
T-RustOs Kernel v0.2.0
Limine protocol supported
Framebuffer: 1920x1080 @ 0xffff8000fd000000
Initializing memory management...
HHDM offset: 0xffff800000000000
Memory map entries: 16
  0x0000001000 - 0x0000054000 (      339968 bytes) BOOTLOADER
  0x0000054000 - 0x000009f000 (      307200 bytes) USABLE
  0x000009fc00 - 0x00000a0000 (        1024 bytes) RESERVED
  0x00000f0000 - 0x0000100000 (       65536 bytes) RESERVED
  0x0000100000 - 0x007f2ac000 (  2132459520 bytes) USABLE
  0x007f2ac000 - 0x007f2d1000 (      151552 bytes) BOOTLOADER
  0x007f2d1000 - 0x007f8ac000 (     6139904 bytes) KERNEL
  0x007f8ac000 - 0x007ff10000 (     6701056 bytes) BOOTLOADER
  0x007ff10000 - 0x007ff14000 (       16384 bytes) USABLE
  0x007ff14000 - 0x007ffd6000 (      794624 bytes) BOOTLOADER
  0x007ffd6000 - 0x0080000000 (      172032 bytes) RESERVED
  0x00b0000000 - 0x00c0000000 (   268435456 bytes) RESERVED
  0x00fd000000 - 0x00fd7e9000 (     8294400 bytes) FRAMEBUFFER
  0x00fed1c000 - 0x00fed20000 (       16384 bytes) RESERVED
  0x00fffc0000 - 0x0100000000 (      262144 bytes) RESERVED
  0xfd00000000 - 0x10000000000 ( 12884901888 bytes) RESERVED
[MEM] Total physical memory: 2041 MB
[HEAP] Dynamic size: 510 MB (25% of 2041 MB RAM)
[HEAP] Using mmap region at phys 0x100000, size 510 MB
[         0][CPU0][INFO ] Heap initialized: 510 MB at virt 0xffff800000100000 (phys 0x100000)
[HEAP] Initialized: free=522648 KB
[FRAME] Allocator ready: 523968 total frames, 389962 free (1523 MB), 134006 used
[FB] Initializing scrollback buffer...
[FB] Scrollback buffer initialized (1000 lines max)
[INTEGRITY] .text   : 3132287 bytes, SHA-256: b6adde575191f2d6...eb160aec
[INTEGRITY] .rodata : 2715992 bytes, SHA-256: 60a464ff0e340195...24f6f8e0
[INTEGRITY] kernel digest: c393ea90f5c73438...a41a0d4a
[ED25519] Public key: e6ff743d65a7dbc3...1a5b023cd338a820
[ED25519] Kernel digest signed
????????????????????????????????????????????????????????????????????????????????????????????????????????????????????????????????????????????????????????????????????????????????????????????????
???                      T R U S T - O S                         ???
???                 FAST ??? SECURE ??? RELIABLE                     ???
????????????????????????????????????????????????????????????????????????????????????????????????????????????????????????????????????????????????????????????????????????????????????????????????

[OK] Memory management initialized
Initializing GDT with Ring 0/3 support...
[         0][CPU0][DEBUG] GDT initialized with Ring 0/3 support
[OK] GDT initialized (Ring 0/3)
Initializing early interrupts...
[         0][CPU0][INFO ] SYSCALL handler ready (entry point set by userland::init)
[         0][CPU0][DEBUG] Interrupts initialized and enabled
[OK] Interrupts (early)
Detecting CPU capabilities...
[TSC] PIT-polling calibration: 761634988 cycles in 200ms ??? 3808 MHz
[CPU] QEMU TCG CPU version 2.5+
[CPU] Vendor: Amd, Family: 6, Model: 6
[CPU] TSC: true (invariant: false, freq: 3808 MHz)
[CPU] SIMD: SSE=true SSE2=true SSE4.2=true AVX=true AVX2=true
[CPU] Crypto: AES-NI=true PCLMULQDQ=true SHA=true RDRAND=true
[CPU] Security: SMEP=true SMAP=true NX=true
[CPU] Virt: VMX=false SVM=true
[SIMD] SSE/SSE2 enabled
[TSC] Initialized: 3808174940 Hz (3 GHz)
[OK] CPU capabilities detected
Parsing ACPI tables...
[DEBUG] RSDP pointer from Limine: 0xf52c0
[ACPI] RSDP phys=0xf52c0, mapping...
[MMIO] Mapping 0xf52c0 -> 0xffff8000000f52c0 (2 pages)
[ACPI] RSDP mapped at virt=0xffff8000000f52c0
[ACPI] About to read RSDP...
[ACPI] First byte: 0x52
[ACPI] Sig OK: true
[ACPI] Revision: 0, OEM: BOCHS
[ACPI] Using RSDT at 0x7ffe249b
[MMIO] Mapping 0x7ffe249b -> 0xffff80007ffe249b (2 pages)
[ACPI] Found 5 tables
[MMIO] Mapping 0x7ffe227b -> 0xffff80007ffe227b (2 pages)
[ACPI] Table: FACP at 0x7ffe227b, len=244
[ACPI] FADT: PM1a=0x600, century=50
[MMIO] Mapping 0x7ffe236f -> 0xffff80007ffe236f (2 pages)
[ACPI] Table: APIC at 0x7ffe236f, len=144
[ACPI] MADT: 4 CPUs, 1 I/O APICs, 1 NMI entries
[MMIO] Mapping 0x7ffe23ff -> 0xffff80007ffe23ff (2 pages)
[ACPI] Table: HPET at 0x7ffe23ff, len=56
[MMIO] Mapping 0xfed00000 -> 0xffff8000fed00000 (1 pages)
[MMIO] Creating PT for PD[502]
[ACPI] HPET: base=0xfed00000, min_tick=0
[MMIO] Mapping 0x7ffe2437 -> 0xffff80007ffe2437 (2 pages)
[ACPI] Table: MCFG at 0x7ffe2437, len=60
[ACPI] MCFG: 1 PCIe regions
[MMIO] Mapping 0x7ffe2473 -> 0xffff80007ffe2473 (2 pages)
[ACPI] Table: WAET at 0x7ffe2473, len=40
[OK] ACPI: 4 CPUs, 1 I/O APICs
Initializing APIC...
[MMIO] Mapping 0xfee00000 -> 0xffff8000fee00000 (1 pages)
[MMIO] Creating PT for PD[503]
[APIC] LAPIC at phys=0xfee00000, virt=0xffff8000fee00000
[APIC] Legacy PIC disabled (all IRQs masked)
[APIC] LAPIC enabled: id=0, version=0x14
[APIC] Timer calibrated: 64549 ticks/ms (645493 ticks in 10ms)
[MMIO] Mapping 0xfec00000 -> 0xffff8000fec00000 (1 pages)
[APIC] I/O APIC id=0, addr=0xfec00000, GSI base=0, max_entries=23
[APIC] Routed keyboard: IRQ 1 ??? vector 50
[APIC] Routed mouse: IRQ 12 ??? vector 61
[APIC] NMI: LINT1 = NMI (pol=0, trig=0, lvt=0x400)
[APIC] Timer started: 10ms interval, count=645490
[APIC] ??? APIC fully initialized ??? preemptive scheduling enabled
[OK] APIC initialized (LAPIC + IOAPIC)
[HPET] Initializing: base=0xfed00000, freq=100000000 Hz
[OK] HPET initialized
Initializing SMP...
[SMP] BSP initialized (APIC ID: 0)
[SMP] Found 4 CPUs via Limine
[SMP] Starting AP 1 (LAPIC ID: 1)
[SMP] Starting AP 2 (LAPIC ID: 2)
[SMP] Starting AP 3 (LAPIC ID: 3)
[GDT] AP 1 GDT/TSS initialized
[GDT] AP 2 GDT/TSS initialized
[GDT] AP 3 GDT/TSS initialized
[THREAD] AP 1 idle thread created (TID=0x8000000000000001)
[THREAD] AP 3 idle thread created (TID=0x8000000000000003)
[THREAD] AP 2 idle thread created (TID=0x8000000000000002)
[APIC] NMI: LINT1 = NMI (pol=0, trig=0, lvt=0x400)
[APIC] NMI: LINT1 = NMI (pol=0, trig=0, lvt=0x400)
[APIC] NMI: LINT1 = NMI (pol=0, trig=0, lvt=0x400)
[APIC] Timer started: 10ms interval, count=645490
[APIC] Timer started: 10ms interval, count=645490
[APIC] AP LAPIC enabled: id=1
[APIC] AP LAPIC enabled: id=2
[APIC] Timer started: 10ms interval, count=645490
[APIC] AP LAPIC enabled: id=3
[SMP] AP 1 fully online (LAPIC ID: 1)
[SMP] AP 2 fully online (LAPIC ID: 2)
[SMP] AP 3 fully online (LAPIC ID: 3)
[SMP] 4 of 4 CPUs online
[OK] SMP: 4 cores active
Initializing paging subsystem...
[         0][CPU0][DEBUG] Paging initialized, kernel CR3: 0x7ff43000, NX enabled
[OK] Paging initialized (NX enabled)
[PAT] Write-Combining enabled: PAT[1]=WC (was 0x04, now 0x01)
Initializing userland support...
[         0][CPU0][DEBUG] [USERLAND] Syscall stack at 0xffffffff805ca2e0
[         0][CPU0][INFO ] [USERLAND] SYSCALL/SYSRET configured (STAR, LSTAR, SFMASK)
[OK] Userland support ready
Initializing thread subsystem...
[THREAD] Creating idle thread...
[THREAD] Thread subsystem initialized
[OK] Thread subsystem ready
Initializing security subsystem...
[OK] Security (basic)
[i8042] Initializing PS/2 keyboard controller...
[i8042] Config byte: 0x71
[i8042] Self-test returned 0xff (expected 0x55) ??? continuing anyway
[i8042] Keyboard reset: response 0xff (no ACK)
[i8042] PS/2 keyboard controller ready
Keyboard driver ready
[OK] Keyboard ready
[RTC] init start
[RTC] Initialized: 2026-03-05 23:49:13
[OK] RTC initialized
[RTC] init done
[RNG] RDRAND=true RDSEED=true
[OK] RNG (CSPRNG)
[MOUSE] IntelliMouse scroll wheel enabled (ID=3)
[MOUSE] PS/2 mouse initialized (ID=3)
[OK] Mouse initialized
[TOUCH] Touch subsystem initialized (max 10 points)
[OK] Touch input ready
[PHASE] PCI init start
[..] PCI bus scanning...
[PCI] PCIe ECAM detected: base=0xb0000000 size=0x0 buses=0-255
[MMIO] Mapping 0xb0000000 -> 0xffff8000b0000000 (0 pages)
[PCI] PCIe ECAM mapped at virt=0xffff8000b0000000
[         0][CPU0][INFO ] [PCI] Found 9 devices:
[         0][CPU0][INFO ] [PCI]   00:00.0 8086:29C0 Bridge - Host Bridge (Intel)
[         0][CPU0][INFO ] [PCI]   00:01.0 1234:1111 Display Controller - VGA Compatible (QEMU)
[         0][CPU0][INFO ] [PCI]   00:02.0 1AF4:1000 Network Controller - Ethernet (Red Hat (virtio))
[         0][CPU0][INFO ] [PCI]   00:03.0 8086:2668 Multimedia (Intel)
[         0][CPU0][INFO ] [PCI]   00:04.0 1B36:000D Serial Bus - USB 3.0 xHCI (Unknown)
[         0][CPU0][INFO ] [PCI]   00:05.0 1B36:0010 Mass Storage - NVMe Controller (Unknown)
[         0][CPU0][INFO ] [PCI]   00:1F.0 8086:2918 Bridge - ISA Bridge (Intel)
[         0][CPU0][INFO ] [PCI]   00:1F.2 8086:2922 Mass Storage - SATA Controller (Intel)
[         0][CPU0][INFO ] [PCI]   00:1F.3 8086:2930 Serial Bus - SMBus (Intel)
[OK] PCI bus scanned
[PHASE] PCI init done
[PHASE] Task scheduler init start
[TASK] Cooperative scheduler initialized
[         0][CPU0][INFO ] Scheduler ready
[OK] Task scheduler ready
[PHASE] Task scheduler init done
[PHASE] Disk init start
[..] Disk subsystem...
[NVMe] Initializing 00:05.0 (1B36:0010)
[         0][CPU0][DEBUG] [PCI] Bus mastering enabled for 00:05.0
[MMIO] Mapping 0xfebd8000 -> 0xffff8000febd8000 (16 pages)
[MMIO] Creating PT for PD[501]
[NVMe] BAR0: phys=0xfebd8000, virt=0xffff8000febd8000
[NVMe] Version: 1.4, MQES=2048, DSTRD=0, MPS_MIN=4KB, Timeout=7500ms
[NVMe] Admin SQ phys=0x1ff66000, CQ phys=0x1ff67000, depth=64
[NVMe] Controller enabled and ready
[NVMe] Model: 'QEMU NVMe Ctrl', Serial: 'TRUSTNVME001'
[NVMe] NS1: 65536 LBAs x 512 B = 32 MB
[NVMe] 1 namespace(s), total 32 MB
[NVMe] I/O queue pair created (depth=64)
[NVMe] ??? Driver initialized ??? 1 namespace(s), 32 MB NVMe storage available
[OK] NVMe: QEMU NVMe Ctrl (32 MB)
[OK] Disk driver ready
[PHASE] Disk init done
[PHASE] Driver framework init start
[         0][CPU0][INFO ] [DRIVERS] Initializing driver framework...
[         0][CPU0][DEBUG] [DRIVERS] Registered: virtio-net v1.0.0
[         0][CPU0][DEBUG] [DRIVERS] Registered: e1000 v1.0.0
[         0][CPU0][DEBUG] [DRIVERS] Registered: rtl8139 v0.1.0
[         0][CPU0][DEBUG] [DRIVERS] Registered: rtl8169 v1.0.0
[INPUT] Keyboard: Some(PS2Keyboard), Mouse: Some(PS2Mouse)
[         0][CPU0][INFO ] [DRIVERS] 4 drivers registered
[DRIVERS] Probing storage controllers...
[USB] Controller detected: xHCI (USB 3.0) at 00:04.0 (BAR0=0xfebd4004)
[         0][CPU0][DEBUG] [PCI] Bus mastering enabled for 00:04.0
[xHCI] Initializing controller at phys 0xfebd4000
[MMIO] Mapping 0xfebd4000 -> 0xffff8000febd4000 (4 pages)
[xHCI] Mapped to virt 0xffff8000febd4000
[xHCI] Version: 0.0
[xHCI] Max slots: 64, Max ports: 8, Context size: 32
[xHCI] Halting controller...
[xHCI] Resetting controller...
[xHCI] Reset complete
[xHCI] Controller running
[xHCI] Enumerating 8 ports...
[xHCI] Port 5: Device connected, speed: High (480 Mbps)
[xHCI] Port 5: Already enabled
[xHCI] Port 6: Device connected, speed: High (480 Mbps)
[xHCI] Port 6: Already enabled
[xHCI] Port 7: Device connected, speed: High (480 Mbps)
[xHCI] Port 7: Already enabled
[xHCI] Found 3 connected devices
[xHCI] Setting up 3 devices...
[xHCI] Enable Slot ??? slot_id=4
[xHCI] Address Device failed: cc=5
[xHCI] Failed to address device on port 5
[xHCI] Enable Slot ??? slot_id=5
[xHCI] Address Device failed: cc=5
[xHCI] Failed to address device on port 6
[xHCI] Enable Slot ??? slot_id=6
[xHCI] Address Device failed: cc=5
[xHCI] Failed to address device on port 7
[xHCI] Device setup complete
[DRIVERS] xHCI controller initialized with 3 devices
[DRIVERS] NVMe controller at 00:05.0 (1B36:0010)
[AHCI] Controller detected at 00:1F.2 (BAR5=0xfebde000)
[AHCI] Mapping MMIO at phys=0xfebde000 size=0x2000
[MMIO] Mapping 0xfebde000 -> 0xffff8000febde000 (2 pages)
[AHCI] Initializing at ABAR phys=0xfebde000 virt=0xffff8000febde000
[AHCI] Version 1.0
[AHCI] 6 ports implemented, 32 command slots, 64-bit DMA: true
[AHCI] Initialization no devices
[DRIVERS] Trying legacy IDE ports...
[IDE] Probing IDE channels...
[IDE] Found 0 drives
[DRIVERS] Storage: NVMe QEMU NVMe Ctrl (32 MB)
[OK] Driver framework initialized
[OK] Persistent storage detected
[PHASE] Driver framework init done
[PHASE] VirtIO GPU init start
[..] VirtIO GPU...
[VIRTIO-GPU] No VirtIO GPU found
[--] VirtIO GPU: not found (fallback framebuffer)
[PHASE] VirtIO GPU init done
[PHASE] AMD GPU init start
[..] AMD GPU...
[         0][CPU0][INFO ] [AMDGPU] ?????????????????????????????????????????????????????????????????????????????????????????????????????????????????????????????????????????????????????????
[         0][CPU0][INFO ] [AMDGPU] AMD GPU Driver ??? Phase 1: PCIe Discovery & MMIO
[         0][CPU0][INFO ] [AMDGPU] ?????????????????????????????????????????????????????????????????????????????????????????????????????????????????????????????????????????????????????????
[         0][CPU0][INFO ] [AMDGPU] No AMD GPU detected on PCI bus
[         0][CPU0][INFO ] [AMDGPU] (This is normal in VMs without GPU passthrough)
[         0][CPU0][INFO ] [AMDGPU] Display: 1234:1111 QEMU at 00:01.0
[--] AMD GPU: not found (VM or non-AMD)
[PHASE] AMD GPU init done
[PAT] Remapped 489 pages as Write-Combining @ 0xffff8000fd000000 (1956 KB)
[PHASE] Network init start
[..] Network subsystem...
[NET] Hypervisor CPUID: 'TCGTCGTCGTCG'
[         0][CPU0][INFO ] [NET] Platform detected: QEMU (TCG)
[NET] Default DNS: 10.0.2.3
[         0][CPU0][INFO ] [NET] NIC: 1AF4:1000 virtio-net [Red Hat (virtio)] BAR0=0xC040 IRQ=11
[         0][CPU0][DEBUG] [PCI] Bus mastering enabled for 00:02.0
[         0][CPU0][INFO ] [NET] Interface up: MAC=52:54:00:00:00:00 (awaiting DHCP)
[..] Platform: QEMU (TCG)
[         0][CPU0][DEBUG] [virtio-net] I/O base: 0xC040
[         0][CPU0][DEBUG] [virtio-net] Device features: 0x79BF8064
[         0][CPU0][DEBUG] [virtio-net] Driver features: 0x10020
[         0][CPU0][INFO ] [virtio-net] MAC: 52:54:00:12:34:56
[         0][CPU0][INFO ] [virtio-net] Link: UP
[         0][CPU0][DEBUG] [virtio-net] RX queue size: 256
[         0][CPU0][DEBUG] [virtio-net] TX queue size: 256
[         0][CPU0][DEBUG] [virtio-net] 32 RX buffers ready
[APIC] Routed PCI IRQ 11 ??? vector 62 (level/low)
[virtio-net-drv] IRQ 11 routed to vector 62
[         0][CPU0][INFO ] [virtio-net] Device started
[         0][CPU0][INFO ] [NET] MAC updated: 52:54:00:12:34:56
[OK] Network driver: virtio-net
[OK] Network ready
[         0][CPU0][INFO ] [DHCP] Client started
[DHCP] Sending DISCOVER
[         0][CPU0][INFO ] [IPv6] Link-local: fe80:0000:0000:0000:5054:00ff:fe12:3456
[NDP] Sending Router Solicitation
[TCP] ISN secret initialized (RFC 6528)
[PHASE] Network init done
[PHASE] VFS init start
[         0][CPU0][INFO ] [VFS] Initializing Virtual File System...
[         0][CPU0][DEBUG] [VFS] Mounted devfs at /dev
[         0][CPU0][DEBUG] [VFS] Mounted procfs at /proc
[         0][CPU0][DEBUG] [VFS] No block device, root will be ramfs
[         0][CPU0][DEBUG] [VFS] Looking for FAT32 partitions...
[         0][CPU0][DEBUG] [FAT32] Checking 0 AHCI devices
[         0][CPU0][DEBUG] [VFS] No FAT32 partition found
[         0][CPU0][INFO ] [OK] VFS initialized
[PHASE] VFS init done
[OK] Virtual filesystem ready
[PHASE] Linux Subsystem init start
[--] Linux Subsystem (no modules)
[PHASE] Linux Subsystem init done
[FILE_ASSOC] File associations initialized
[OK] File associations ready
[PHASE] Process manager init start
[         0][CPU0][INFO ] [PROC] Initializing process manager...
[         0][CPU0][DEBUG] [PROC] Kernel process created (PID 0)
[         0][CPU0][INFO ] [OK] Process manager ready
[OK] Process manager ready
[PHASE] Process manager init done
[PHASE] Auth system init
[         0][CPU0][DEBUG] [AUTH] Authentication system initialized
[OK] Authentication ready
[PHASE] TTY/PTY init
[         0][CPU0][INFO ] [TTY] TTY subsystem initialized (tty0 = console)
[         0][CPU0][INFO ] [PTY] Pseudo-terminal subsystem initialized
[OK] TTY/PTY subsystem ready
[PHASE] Init process start
[         0][CPU0][INFO ] [INIT] Starting init process (PID 1)...
[         0][CPU0][INFO ] [INIT] Init process ready
[         0][CPU0][INFO ] [OK] System initialization complete

========================================
  TrustOS System Ready
========================================

Mounted filesystems:
  /proc -> proc
  /dev -> devfs

Processes: 1
Heap used: 3777 KB

[OK] Init process started (PID 1)
[PHASE] Init process done
[PHASE] RAM filesystem init
[OK] RAM filesystem ready
[PHASE] Persistence init
[PERSIST] Initializing persistence system...
[PERSIST] No AHCI disk found, persistence disabled
[OK] Persistence system ready
[PHASE] Web Sandbox init
[         0][CPU0][DEBUG] Registered dynamic capability type: WebSandbox (id=1)
[         0][CPU0][DEBUG] Created capability CapabilityId(1) for task 0
[sandbox] Web Sandbox subsystem initialized
[sandbox] Capability type registered: WebSandbox (danger=3)
[OK] Web Sandbox ready
[PHASE] Container daemon boot
[         0][CPU0][DEBUG] Created capability CapabilityId(2) for task 1
[container:1] Started (sandbox #1, Moderate, SoftwareOnly)
[daemon] Default web container #1 started
[daemon] Container daemon booted at 0ms
[OK] Container daemon ready


  System ready - TRust-OS v0.2.0
  Type 'desktop' to launch the desktop, or use shell commands.

[BOOT] Running crypto self-tests...
[CRYPTO] Running self-tests...
[CRYPTO] AES-128: PASS
[CRYPTO] SHA-256: PASS
[CRYPTO] FE round-trip: PASS
[CRYPTO] FE mul identity: PASS
[CRYPTO] FE sq: OK (no crash)
[CRYPTO] FE add identity: PASS
[CRYPTO] FE sub identity: PASS
[CRYPTO] FE mul vs sq: PASS
[CRYPTO] FE 2*2=4: PASS
[CRYPTO] FE sq(2)=4: PASS
[CRYPTO] FE 2*2^-1: PASS
[CRYPTO] FE invert: PASS
[CRYPTO] X25519: PASS
[CRYPTO] AES-GCM: PASS
[CRYPTO] Self-tests complete
[BOOT] Crypto self-tests complete
Starting shell...

 _____ ____            _    ___      
|_   _|  _ \ _   _ ___| |_ / _ \ ___ 
  | | | |_) | | | / __| __| | | / __|
  | | |  _ <| |_| \__ \ |_| |_| \__ \
  |_| |_| \_\\__,_|___/\__\\___/|___/

  T-RustOs v0.2.0 - Type 'help' for commands

[23:49:16] trustos:/$ [DHCP] OFFER: 10.0.2.15
[DHCP] Sending REQUEST
[NDP] Router Advertisement from fe80:0000:0000:0000:0000:0000:0000:0002: hop_limit=64 lifetime=1800s
[NDP]   Router MAC: 52:56:00:00:00:02
[NDP]   Prefix: fec0:0000::/64 flags=0xc0
[         4][CPU0][INFO ] [DHCP] ACK: 10.0.2.15 (lease=86400s)
[         4][CPU0][INFO ] [NET] DNS server: 10.0.2.3
[         4][CPU0][INFO ] [DHCP] Configured: IP=10.0.2.15 GW=10.0.2.2 DNS=10.0.2.3


--- HW SCAN ---
jarvis boot
  [Unknown]
[JARVIS] Initializing neural brain...
[JARVIS] Model: 4 layers, d_model=256, d_ff=1024, 4 heads
[JARVIS] Parameters: 4393216 (17161 KB FP32)
[JARVIS] Compute: CPU SSE2 SIMD (no GPU detected)
[JARVIS] Optimizer: AdamW (lr=0.001, 34322 KB state)
[JARVIS] Neural brain ready (CPU backend). Awaiting input.


--- BRAIN INIT ---


--- PRETRAIN ---


--- SAVE ---


--- CHAT TEST ---


Duration: 1080s

